Using pre-set license
Built from '6000.1/staging' branch; Version is '6000.1.13f1 (418bd0acaa6b) revision 4295632'; Using compiler version '194234433'; Build Type 'Release'
OS: 'Windows 11  (10.0.26100) 64bit IoTEnterpriseS' Language: 'en' Physical Memory: 32711 MB
BatchMode: 1, IsHumanControllingUs: 0, StartBugReporterOnCrash: 0, Is64bit: 1, IsPro: 1
Date: 2025-08-10T01:36:25Z

COMMAND LINE ARGUMENTS:
C:\Program Files\Unity\Hub\Editor\6000.1.13f1\Editor\Unity.exe
-adb2
-batchMode
-noUpm
-name
AssetImportWorker0
-projectPath
C:/Users/Lemres/cookieclicker.mp4
-logFile
Logs/AssetImportWorker0.log
-srvPort
50542
-job-worker-count
5
-background-job-worker-count
8
-gc-helper-count
1
-name
AssetImport
Successfully changed project path to: C:/Users/Lemres/cookieclicker.mp4
C:/Users/Lemres/cookieclicker.mp4
[UnityMemory] Configuration Parameters - Can be set up in boot.config
    "memorysetup-allocator-temp-initial-block-size-main=262144"
    "memorysetup-allocator-temp-initial-block-size-worker=262144"
    "memorysetup-bucket-allocator-granularity=16"
    "memorysetup-bucket-allocator-bucket-count=8"
    "memorysetup-bucket-allocator-block-size=33554432"
    "memorysetup-bucket-allocator-block-count=8"
    "memorysetup-main-allocator-block-size=16777216"
    "memorysetup-thread-allocator-block-size=16777216"
    "memorysetup-gfx-main-allocator-block-size=16777216"
    "memorysetup-gfx-thread-allocator-block-size=16777216"
    "memorysetup-cache-allocator-block-size=4194304"
    "memorysetup-typetree-allocator-block-size=2097152"
    "memorysetup-profiler-bucket-allocator-granularity=16"
    "memorysetup-profiler-bucket-allocator-bucket-count=8"
    "memorysetup-profiler-bucket-allocator-block-size=33554432"
    "memorysetup-profiler-bucket-allocator-block-count=8"
    "memorysetup-profiler-allocator-block-size=16777216"
    "memorysetup-profiler-editor-allocator-block-size=1048576"
    "memorysetup-temp-allocator-size-main=16777216"
    "memorysetup-job-temp-allocator-block-size=2097152"
    "memorysetup-job-temp-allocator-block-size-background=1048576"
    "memorysetup-job-temp-allocator-reduction-small-platforms=262144"
    "memorysetup-temp-allocator-size-background-worker=32768"
    "memorysetup-temp-allocator-size-job-worker=262144"
    "memorysetup-temp-allocator-size-preload-manager=33554432"
    "memorysetup-temp-allocator-size-nav-mesh-worker=65536"
    "memorysetup-temp-allocator-size-audio-worker=65536"
    "memorysetup-temp-allocator-size-cloud-worker=32768"
    "memorysetup-temp-allocator-size-gi-baking-worker=262144"
    "memorysetup-temp-allocator-size-gi-baking-worker=262144"
    "memorysetup-temp-allocator-size-gi-baking-worker=262144"
    "memorysetup-temp-allocator-size-gi-baking-worker=262144"
    "memorysetup-temp-allocator-size-gi-baking-worker=262144"
    "memorysetup-temp-allocator-size-gfx=262144"
Player connection [10204]  Target information:

Player connection [10204]  * "[IP] 192.168.1.25 [Port] 0 [Flags] 2 [Guid] 2103129562 [EditorId] 2103129562 [Version] 1048832 [Id] WindowsEditor(7,DESKTOP-9P6HB14) [Debug] 1 [PackageName] WindowsEditor [ProjectName] Editor" 

Player connection [10204]  * "[IP] 192.168.31.1 [Port] 0 [Flags] 2 [Guid] 2103129562 [EditorId] 2103129562 [Version] 1048832 [Id] WindowsEditor(7,DESKTOP-9P6HB14) [Debug] 1 [PackageName] WindowsEditor [ProjectName] Editor" 

Player connection [10204]  * "[IP] 192.168.244.1 [Port] 0 [Flags] 2 [Guid] 2103129562 [EditorId] 2103129562 [Version] 1048832 [Id] WindowsEditor(7,DESKTOP-9P6HB14) [Debug] 1 [PackageName] WindowsEditor [ProjectName] Editor" 

Player connection [10204] Host joined multi-casting on [225.0.0.222:54997]...
Player connection [10204] Host joined alternative multi-casting on [225.0.0.222:34997]...
JobSystem: Creating JobQueue using job-worker-count value 5
Input System module state changed to: Initialized.
[Physics::Module] Initialized fallback backend.
[Physics::Module] Id: 0xdecafbad
Library Redirect Path: Library/
[Physics::Module] Selected backend.
[Physics::Module] Name: PhysX
[Physics::Module] Id: 0xf2b8ea05
[Physics::Module] SDK Version: 4.1.2
[Physics::Module] Integration Version: 1.0.0
[Physics::Module] Threading Mode: Multi-Threaded
Refreshing native plugins compatible for Editor in 0.22 ms, found 0 plugins.
Preloading 0 native plugins for Editor in 0.00 ms.
Initialize engine version: 6000.1.13f1 (418bd0acaa6b)
[Subsystems] Discovering subsystems at path C:/Program Files/Unity/Hub/Editor/6000.1.13f1/Editor/Data/Resources/UnitySubsystems
[Subsystems] Discovering subsystems at path C:/Users/Lemres/cookieclicker.mp4/Assets
GfxDevice: creating device client; kGfxThreadingModeNonThreaded
Direct3D:
    Version:  Direct3D 11.0 [level 11.1]
    Renderer: NVIDIA GeForce GTX 1070 Ti (ID=0x1b82)
    Vendor:   NVIDIA
    VRAM:     8060 MB
    Driver:   32.0.15.7283
Initialize mono
Mono path[0] = 'C:/Program Files/Unity/Hub/Editor/6000.1.13f1/Editor/Data/Managed'
Mono path[1] = 'C:/Program Files/Unity/Hub/Editor/6000.1.13f1/Editor/Data/MonoBleedingEdge/lib/mono/unityjit-win32'
Mono config path = 'C:/Program Files/Unity/Hub/Editor/6000.1.13f1/Editor/Data/MonoBleedingEdge/etc'
Using monoOptions --debugger-agent=transport=dt_socket,embedding=1,server=y,suspend=n,address=127.0.0.1:56776
Begin MonoManager ReloadAssembly
Registering precompiled unity dll's ...
Register platform support module: C:/Program Files/Unity/Hub/Editor/6000.1.13f1/Editor/Data/PlaybackEngines/WebGLSupport/UnityEditor.WebGL.Extensions.dll
Register platform support module: C:/Program Files/Unity/Hub/Editor/6000.1.13f1/Editor/Data/PlaybackEngines/MacStandaloneSupport/UnityEditor.OSXStandalone.Extensions.dll
Register platform support module: C:/Program Files/Unity/Hub/Editor/6000.1.13f1/Editor/Data/PlaybackEngines/WindowsStandaloneSupport/UnityEditor.WindowsStandalone.Extensions.dll
Register platform support module: C:/Program Files/Unity/Hub/Editor/6000.1.13f1/Editor/Data/PlaybackEngines/AndroidPlayer/UnityEditor.Android.Extensions.dll
Register platform support module: C:/Program Files/Unity/Hub/Editor/6000.1.13f1/Editor/Data/PlaybackEngines/LinuxStandaloneSupport/UnityEditor.LinuxStandalone.Extensions.dll
Registered in 0.004046 seconds.
- Loaded All Assemblies, in  0.440 seconds
Native extension for LinuxStandalone target not found
Native extension for Android target not found
Android Extension - Scanning For ADB Devices 150 ms
Native extension for WindowsStandalone target not found
Native extension for OSXStandalone target not found
Native extension for WebGL target not found
Mono: successfully reloaded assembly
- Finished resetting the current domain, in  0.564 seconds
Domain Reload Profiling: 1000ms
	BeginReloadAssembly (127ms)
		ExecutionOrderSort (0ms)
		DisableScriptedObjects (0ms)
		BackupInstance (0ms)
		ReleaseScriptingObjects (0ms)
		CreateAndSetChildDomain (1ms)
	RebuildCommonClasses (38ms)
	RebuildNativeTypeToScriptingClass (14ms)
	initialDomainReloadingComplete (57ms)
	LoadAllAssembliesAndSetupDomain (202ms)
		LoadAssemblies (124ms)
		RebuildTransferFunctionScriptingTraits (0ms)
		AnalyzeDomain (198ms)
			TypeCache.Refresh (196ms)
				TypeCache.ScanAssembly (181ms)
			BuildScriptInfoCaches (0ms)
			ResolveRequiredComponents (0ms)
	FinalizeReload (564ms)
		ReleaseScriptCaches (0ms)
		RebuildScriptCaches (0ms)
		SetupLoadedEditorAssemblies (522ms)
			LogAssemblyErrors (0ms)
			InitializePlatformSupportModulesInManaged (273ms)
			SetLoadedEditorAssemblies (4ms)
			BeforeProcessingInitializeOnLoad (65ms)
			ProcessInitializeOnLoadAttributes (126ms)
			ProcessInitializeOnLoadMethodAttributes (53ms)
			AfterProcessingInitializeOnLoad (0ms)
			EditorAssembliesLoaded (0ms)
		ExecutionOrderSort2 (0ms)
		AwakeInstancesAfterBackupRestoration (0ms)
Assembly reference Packages/com.unity.collections/Unity.Collections.PerformanceTests.Internal/Unity.Collections.PerformanceTests.Internal.asmref has no target assembly definition
Script 'Packages/com.unity.collections/Unity.Collections.PerformanceTests.Internal/AssemblyInfo.cs' will not be compiled because it exists outside the Assets folder and does not to belong to any assembly definition file.
========================================================================
Worker process is ready to serve import requests
Import Worker Mode flag is 0x00
Assembly reference Packages/com.unity.collections/Unity.Collections.PerformanceTests.Internal/Unity.Collections.PerformanceTests.Internal.asmref has no target assembly definition
Script 'Packages/com.unity.collections/Unity.Collections.PerformanceTests.Internal/AssemblyInfo.cs' will not be compiled because it exists outside the Assets folder and does not to belong to any assembly definition file.
Assembly reference Packages/com.unity.collections/Unity.Collections.PerformanceTests.Internal/Unity.Collections.PerformanceTests.Internal.asmref has no target assembly definition
Script 'Packages/com.unity.collections/Unity.Collections.PerformanceTests.Internal/AssemblyInfo.cs' will not be compiled because it exists outside the Assets folder and does not to belong to any assembly definition file.
Begin MonoManager ReloadAssembly
- Loaded All Assemblies, in  0.617 seconds
Assembly reference Packages/com.unity.collections/Unity.Collections.PerformanceTests.Internal/Unity.Collections.PerformanceTests.Internal.asmref has no target assembly definition
Script 'Packages/com.unity.collections/Unity.Collections.PerformanceTests.Internal/AssemblyInfo.cs' will not be compiled because it exists outside the Assets folder and does not to belong to any assembly definition file.
Refreshing native plugins compatible for Editor in 0.14 ms, found 0 plugins.
Native extension for LinuxStandalone target not found
Native extension for Android target not found
Native extension for WindowsStandalone target not found
Native extension for OSXStandalone target not found
Native extension for WebGL target not found
Assembly reference Packages/com.unity.collections/Unity.Collections.PerformanceTests.Internal/Unity.Collections.PerformanceTests.Internal.asmref has no target assembly definition
Script 'Packages/com.unity.collections/Unity.Collections.PerformanceTests.Internal/AssemblyInfo.cs' will not be compiled because it exists outside the Assets folder and does not to belong to any assembly definition file.
Mono: successfully reloaded assembly
- Finished resetting the current domain, in  0.573 seconds
Domain Reload Profiling: 1183ms
	BeginReloadAssembly (177ms)
		ExecutionOrderSort (0ms)
		DisableScriptedObjects (6ms)
		BackupInstance (0ms)
		ReleaseScriptingObjects (0ms)
		CreateAndSetChildDomain (30ms)
	RebuildCommonClasses (38ms)
	RebuildNativeTypeToScriptingClass (13ms)
	initialDomainReloadingComplete (41ms)
	LoadAllAssembliesAndSetupDomain (341ms)
		LoadAssemblies (294ms)
		RebuildTransferFunctionScriptingTraits (0ms)
		AnalyzeDomain (145ms)
			TypeCache.Refresh (107ms)
				TypeCache.ScanAssembly (91ms)
			BuildScriptInfoCaches (25ms)
			ResolveRequiredComponents (10ms)
	FinalizeReload (573ms)
		ReleaseScriptCaches (0ms)
		RebuildScriptCaches (0ms)
		SetupLoadedEditorAssemblies (390ms)
			LogAssemblyErrors (0ms)
			InitializePlatformSupportModulesInManaged (15ms)
			SetLoadedEditorAssemblies (4ms)
			BeforeProcessingInitializeOnLoad (122ms)
			ProcessInitializeOnLoadAttributes (179ms)
			ProcessInitializeOnLoadMethodAttributes (63ms)
			AfterProcessingInitializeOnLoad (7ms)
			EditorAssembliesLoaded (0ms)
		ExecutionOrderSort2 (0ms)
		AwakeInstancesAfterBackupRestoration (7ms)
Launched and connected shader compiler UnityShaderCompiler.exe after 0.01 seconds
Refreshing native plugins compatible for Editor in 0.21 ms, found 0 plugins.
Preloading 0 native plugins for Editor in 0.00 ms.
Unloading 10 Unused Serialized files (Serialized files now loaded: 0)
Unloading 3109 unused Assets / (2.0 MB). Loaded Objects now: 3810.
Memory consumption went from 97.0 MB to 95.1 MB.
Total: 9.108200 ms (FindLiveObjects: 0.452200 ms CreateObjectMapping: 0.540800 ms MarkObjects: 6.589000 ms  DeleteObjects: 1.525000 ms)

========================================================================
Received Prepare
Refreshing native plugins compatible for Editor in 0.22 ms, found 0 plugins.
Preloading 0 native plugins for Editor in 0.00 ms.
Unloading 10 Unused Serialized files (Serialized files now loaded: 0)
Unloading 10 unused Assets / (0.6 MB). Loaded Objects now: 3810.
Memory consumption went from 93.9 MB to 93.3 MB.
Total: 10.272300 ms (FindLiveObjects: 0.264800 ms CreateObjectMapping: 0.236600 ms MarkObjects: 9.549100 ms  DeleteObjects: 0.221000 ms)

Prepare: number of updated asset objects reloaded= 0
========================================================================
Received Import Request.
  Time since last request: 10433.065048 seconds.
  path: Assets/BuildManagerSettings.asset
  artifactKey: Guid(93ee66ae31b538d4c856c89778a7fecd) Importer(815301076,1909f56bfc062723c751e8b465ee728b)
Start importing Assets/BuildManagerSettings.asset using Guid(93ee66ae31b538d4c856c89778a7fecd) Importer(815301076,1909f56bfc062723c751e8b465ee728b) (PreviewImporter) -> (artifact id: 'ff22830c2094f225de97737a9d00c251') in 0.0317582 seconds
Number of updated asset objects reloaded before import = 0Number of asset objects unloaded after import = 1

========================================================================
Received Import Request.
  Time since last request: 1.203543 seconds.
  path: Assets/Textures
  artifactKey: Guid(9716d1dd09a638d4ab1aecd44d93e58c) Importer(815301076,1909f56bfc062723c751e8b465ee728b)
Start importing Assets/Textures using Guid(9716d1dd09a638d4ab1aecd44d93e58c) Importer(815301076,1909f56bfc062723c751e8b465ee728b) (PreviewImporter) -> (artifact id: 'eddfaacfe6f4c42a59756dd8aff7ab28') in 0.0005432 seconds
Number of updated asset objects reloaded before import = 0Number of asset objects unloaded after import = 0

========================================================================
Received Import Request.
  Time since last request: 0.000013 seconds.
  path: Assets/Textures/button.png
  artifactKey: Guid(af09a908b26cc1644a9ef3f4acc46cef) Importer(815301076,1909f56bfc062723c751e8b465ee728b)
Start importing Assets/Textures/button.png using Guid(af09a908b26cc1644a9ef3f4acc46cef) Importer(815301076,1909f56bfc062723c751e8b465ee728b) (PreviewImporter) -> (artifact id: 'dcec5396f8e99e6fd91b4bc8b5e021b4') in 0.0944193 seconds
Number of updated asset objects reloaded before import = 0Number of asset objects unloaded after import = 30

========================================================================
Received Import Request.
  Time since last request: 0.000016 seconds.
  path: Assets/Textures/MineMinigameColorAtlas.png
  artifactKey: Guid(7c6e04b83154ba548886fc3ba4438e8d) Importer(815301076,1909f56bfc062723c751e8b465ee728b)
Start importing Assets/Textures/MineMinigameColorAtlas.png using Guid(7c6e04b83154ba548886fc3ba4438e8d) Importer(815301076,1909f56bfc062723c751e8b465ee728b) (PreviewImporter) -> (artifact id: '0c8d1a22d1a5d05698081bec2d8b7ea1') in 0.0040429 seconds
Number of updated asset objects reloaded before import = 0Number of asset objects unloaded after import = 2

========================================================================
Received Import Request.
  Time since last request: 0.000023 seconds.
  path: Assets/Textures/SquareButtonUI_Icon_Upscaled.png
  artifactKey: Guid(c913f37452aca364093edfa28adcfa95) Importer(815301076,1909f56bfc062723c751e8b465ee728b)
Start importing Assets/Textures/SquareButtonUI_Icon_Upscaled.png using Guid(c913f37452aca364093edfa28adcfa95) Importer(815301076,1909f56bfc062723c751e8b465ee728b) (PreviewImporter) -> (artifact id: '62a73ec5fe1dd3c843ffdc85e9b24d57') in 0.0112776 seconds
Number of updated asset objects reloaded before import = 0Number of asset objects unloaded after import = 30

========================================================================
Received Import Request.
  Time since last request: 0.000013 seconds.
  path: Assets/Textures/UIAtlas.spriteatlas
  artifactKey: Guid(f078bf500dfaacd418245435bec8ec7c) Importer(815301076,1909f56bfc062723c751e8b465ee728b)
Start importing Assets/Textures/UIAtlas.spriteatlas using Guid(f078bf500dfaacd418245435bec8ec7c) Importer(815301076,1909f56bfc062723c751e8b465ee728b) (PreviewImporter) -> (artifact id: '20dca1c2a94d8fd9eb9457a83d9159df') in 0.0011761 seconds
Number of updated asset objects reloaded before import = 0Number of asset objects unloaded after import = 1

========================================================================
Received Import Request.
  Time since last request: 0.000013 seconds.
  path: Assets/Textures/SquareButtonUI_Icon.png
  artifactKey: Guid(b4780c49570d2c34b86a93a1a7d7b352) Importer(815301076,1909f56bfc062723c751e8b465ee728b)
Start importing Assets/Textures/SquareButtonUI_Icon.png using Guid(b4780c49570d2c34b86a93a1a7d7b352) Importer(815301076,1909f56bfc062723c751e8b465ee728b) (PreviewImporter) -> (artifact id: 'af6aedfdcfe9abac5af415112313cb7d') in 0.0107207 seconds
Number of updated asset objects reloaded before import = 0Number of asset objects unloaded after import = 30

========================================================================
Received Import Request.
  Time since last request: 0.000014 seconds.
  path: Assets/Textures/InfoButton.png
  artifactKey: Guid(03912404d6aa9b247a50844ca20f6942) Importer(815301076,1909f56bfc062723c751e8b465ee728b)
Start importing Assets/Textures/InfoButton.png using Guid(03912404d6aa9b247a50844ca20f6942) Importer(815301076,1909f56bfc062723c751e8b465ee728b) (PreviewImporter) -> (artifact id: 'bf795ced69b8741f9d9e0f50d0210981') in 0.0124843 seconds
Number of updated asset objects reloaded before import = 0Number of asset objects unloaded after import = 30

========================================================================
Received Import Request.
  Time since last request: 3.679032 seconds.
  path: Assets/Textures/Android
  artifactKey: Guid(751398da8a930a248a96afeec83b6ac5) Importer(815301076,1909f56bfc062723c751e8b465ee728b)
Start importing Assets/Textures/Android using Guid(751398da8a930a248a96afeec83b6ac5) Importer(815301076,1909f56bfc062723c751e8b465ee728b) (PreviewImporter) -> (artifact id: '4728d381967f500cc7479b86a17cb094') in 0.0009385 seconds
Number of updated asset objects reloaded before import = 0Number of asset objects unloaded after import = 0

========================================================================
Received Import Request.
  Time since last request: 40.840831 seconds.
  path: Assets/Textures/Android/background.png
  artifactKey: Guid(77087f6392659e5499d6015391d2ed18) Importer(815301076,1909f56bfc062723c751e8b465ee728b)
Start importing Assets/Textures/Android/background.png using Guid(77087f6392659e5499d6015391d2ed18) Importer(815301076,1909f56bfc062723c751e8b465ee728b) (PreviewImporter) -> (artifact id: 'ef3a554d276ea48246376ed34c4ab98f') in 0.0055257 seconds
Number of updated asset objects reloaded before import = 0Number of asset objects unloaded after import = 2

========================================================================
Received Import Request.
  Time since last request: 3.954244 seconds.
  path: Assets/Textures/Android/hdpi
  artifactKey: Guid(4e0b4274ca3df1745a9aa5536d4fabd1) Importer(815301076,1909f56bfc062723c751e8b465ee728b)
Start importing Assets/Textures/Android/hdpi using Guid(4e0b4274ca3df1745a9aa5536d4fabd1) Importer(815301076,1909f56bfc062723c751e8b465ee728b) (PreviewImporter) -> (artifact id: '46b567182005d5f013014e3fe8297242') in 0.0004691 seconds
Number of updated asset objects reloaded before import = 0Number of asset objects unloaded after import = 0

========================================================================
Received Import Request.
  Time since last request: 0.017631 seconds.
  path: Assets/Textures/Android/hdpi/ic_launcher.png
  artifactKey: Guid(a8b81d2143943fd4aa31be33f90abe0a) Importer(815301076,1909f56bfc062723c751e8b465ee728b)
Start importing Assets/Textures/Android/hdpi/ic_launcher.png using Guid(a8b81d2143943fd4aa31be33f90abe0a) Importer(815301076,1909f56bfc062723c751e8b465ee728b) (PreviewImporter) -> (artifact id: '0322c420cefc9f3172c5a73016657f7e') in 0.0046852 seconds
Number of updated asset objects reloaded before import = 0Number of asset objects unloaded after import = 2

========================================================================
Received Import Request.
  Time since last request: 0.000015 seconds.
  path: Assets/Textures/Android/hdpi/ic_launcher_round.png
  artifactKey: Guid(c270dfe6fc82fd44498f0f482c1a5f71) Importer(815301076,1909f56bfc062723c751e8b465ee728b)
Start importing Assets/Textures/Android/hdpi/ic_launcher_round.png using Guid(c270dfe6fc82fd44498f0f482c1a5f71) Importer(815301076,1909f56bfc062723c751e8b465ee728b) (PreviewImporter) -> (artifact id: 'f57f7fffbd4abea734bee52d346a3181') in 0.0040095 seconds
Number of updated asset objects reloaded before import = 0Number of asset objects unloaded after import = 2

========================================================================
Received Import Request.
  Time since last request: 1.517646 seconds.
  path: Assets/Textures/Android/mdpi
  artifactKey: Guid(e2bd16a0548450d4c817d0b6011b86f7) Importer(815301076,1909f56bfc062723c751e8b465ee728b)
Start importing Assets/Textures/Android/mdpi using Guid(e2bd16a0548450d4c817d0b6011b86f7) Importer(815301076,1909f56bfc062723c751e8b465ee728b) (PreviewImporter) -> (artifact id: '2205cb9b563ba4da1774d3f7621d12bc') in 0.0004361 seconds
Number of updated asset objects reloaded before import = 0Number of asset objects unloaded after import = 0

========================================================================
Received Import Request.
  Time since last request: 0.000205 seconds.
  path: Assets/Textures/Android/mdpi/ic_launcher.png
  artifactKey: Guid(5204ddd5dc6e2d34abdb5f61e4dfeb64) Importer(815301076,1909f56bfc062723c751e8b465ee728b)
Start importing Assets/Textures/Android/mdpi/ic_launcher.png using Guid(5204ddd5dc6e2d34abdb5f61e4dfeb64) Importer(815301076,1909f56bfc062723c751e8b465ee728b) (PreviewImporter) -> (artifact id: 'f55479386a47c1f24fd56bc05938514d') in 0.0056725 seconds
Number of updated asset objects reloaded before import = 0Number of asset objects unloaded after import = 2

========================================================================
Received Import Request.
  Time since last request: 0.000014 seconds.
  path: Assets/Textures/Android/mdpi/ic_launcher_round.png
  artifactKey: Guid(cd21d9198f280514dad56c2db41bb722) Importer(815301076,1909f56bfc062723c751e8b465ee728b)
Start importing Assets/Textures/Android/mdpi/ic_launcher_round.png using Guid(cd21d9198f280514dad56c2db41bb722) Importer(815301076,1909f56bfc062723c751e8b465ee728b) (PreviewImporter) -> (artifact id: '82bddceb6cff4cf41c6417641d4ce6d3') in 0.0041088 seconds
Number of updated asset objects reloaded before import = 0Number of asset objects unloaded after import = 2

========================================================================
Received Import Request.
  Time since last request: 0.634404 seconds.
  path: Assets/Textures/Android/xhdpi
  artifactKey: Guid(0242d3f363a83e248a04f358e56d94dc) Importer(815301076,1909f56bfc062723c751e8b465ee728b)
Start importing Assets/Textures/Android/xhdpi using Guid(0242d3f363a83e248a04f358e56d94dc) Importer(815301076,1909f56bfc062723c751e8b465ee728b) (PreviewImporter) -> (artifact id: '71f2285120769c1eef535e0d9cd23768') in 0.0004335 seconds
Number of updated asset objects reloaded before import = 0Number of asset objects unloaded after import = 0

========================================================================
Received Import Request.
  Time since last request: 0.000015 seconds.
  path: Assets/Textures/Android/xhdpi/ic_launcher.png
  artifactKey: Guid(8f8109d301e1fe147af79bf9d6b1fb1d) Importer(815301076,1909f56bfc062723c751e8b465ee728b)
Start importing Assets/Textures/Android/xhdpi/ic_launcher.png using Guid(8f8109d301e1fe147af79bf9d6b1fb1d) Importer(815301076,1909f56bfc062723c751e8b465ee728b) (PreviewImporter) -> (artifact id: '18eb8c612bbc53e7a2b665fa17cf4347') in 0.0066154 seconds
Number of updated asset objects reloaded before import = 0Number of asset objects unloaded after import = 2

========================================================================
Received Import Request.
  Time since last request: 1.466077 seconds.
  path: Assets/Textures/Android/xxhdpi
  artifactKey: Guid(a8b7cec07dbedeb41b860e7040358760) Importer(815301076,1909f56bfc062723c751e8b465ee728b)
Start importing Assets/Textures/Android/xxhdpi using Guid(a8b7cec07dbedeb41b860e7040358760) Importer(815301076,1909f56bfc062723c751e8b465ee728b) (PreviewImporter) -> (artifact id: 'b95b12c4d977d2484ceef9d00c1398b6') in 0.0004214 seconds
Number of updated asset objects reloaded before import = 0Number of asset objects unloaded after import = 0

========================================================================
Received Import Request.
  Time since last request: 0.000012 seconds.
  path: Assets/Textures/Android/xxhdpi/ic_launcher.png
  artifactKey: Guid(80a32cd29bb936946ae98e829fb8385d) Importer(815301076,1909f56bfc062723c751e8b465ee728b)
Start importing Assets/Textures/Android/xxhdpi/ic_launcher.png using Guid(80a32cd29bb936946ae98e829fb8385d) Importer(815301076,1909f56bfc062723c751e8b465ee728b) (PreviewImporter) -> (artifact id: '4400050dbd9e10f97014772859c4a3c8') in 0.005207 seconds
Number of updated asset objects reloaded before import = 0Number of asset objects unloaded after import = 2

========================================================================
Received Import Request.
  Time since last request: 1.028045 seconds.
  path: Assets/Textures/Android/xxxhdpi
  artifactKey: Guid(83340e3a99451d7428d7608510a0d5e7) Importer(815301076,1909f56bfc062723c751e8b465ee728b)
Start importing Assets/Textures/Android/xxxhdpi using Guid(83340e3a99451d7428d7608510a0d5e7) Importer(815301076,1909f56bfc062723c751e8b465ee728b) (PreviewImporter) -> (artifact id: '7a6050c9f700dc95cb23d02bba55cfe8') in 0.0004306 seconds
Number of updated asset objects reloaded before import = 0Number of asset objects unloaded after import = 0

========================================================================
Received Import Request.
  Time since last request: 0.013057 seconds.
  path: Assets/Textures/Android/xxxhdpi/ic_launcher.png
  artifactKey: Guid(28c9e69267590a24692511f0ee9ce572) Importer(815301076,1909f56bfc062723c751e8b465ee728b)
Start importing Assets/Textures/Android/xxxhdpi/ic_launcher.png using Guid(28c9e69267590a24692511f0ee9ce572) Importer(815301076,1909f56bfc062723c751e8b465ee728b) (PreviewImporter) -> (artifact id: '98e6cdbdbacac17557f46450883d2e95') in 0.0048124 seconds
Number of updated asset objects reloaded before import = 0Number of asset objects unloaded after import = 2

========================================================================
Received Import Request.
  Time since last request: 0.000013 seconds.
  path: Assets/Textures/Android/xxxhdpi/ic_launcher_round.png
  artifactKey: Guid(911c0bd807b88f742b85594838f7d16e) Importer(815301076,1909f56bfc062723c751e8b465ee728b)
Start importing Assets/Textures/Android/xxxhdpi/ic_launcher_round.png using Guid(911c0bd807b88f742b85594838f7d16e) Importer(815301076,1909f56bfc062723c751e8b465ee728b) (PreviewImporter) -> (artifact id: '2c7dc4f2da190a209d09e4b85813f685') in 0.0050829 seconds
Number of updated asset objects reloaded before import = 0Number of asset objects unloaded after import = 2

========================================================================
Received Import Request.
  Time since last request: 906.210789 seconds.
  path: Assets/Textures/Android/mipmap-hdpi
  artifactKey: Guid(86cac656c85cd6c41be7d3df53eed99c) Importer(815301076,1909f56bfc062723c751e8b465ee728b)
Start importing Assets/Textures/Android/mipmap-hdpi using Guid(86cac656c85cd6c41be7d3df53eed99c) Importer(815301076,1909f56bfc062723c751e8b465ee728b) (PreviewImporter) -> (artifact id: '3aab4b22459f6fbd087378ed7b30c7c9') in 0.0007571 seconds
Number of updated asset objects reloaded before import = 0Number of asset objects unloaded after import = 0

========================================================================
Received Import Request.
  Time since last request: 1.258415 seconds.
  path: Assets/Textures/Android/hdpi
  artifactKey: Guid(86cac656c85cd6c41be7d3df53eed99c) Importer(815301076,1909f56bfc062723c751e8b465ee728b)
Start importing Assets/Textures/Android/hdpi using Guid(86cac656c85cd6c41be7d3df53eed99c) Importer(815301076,1909f56bfc062723c751e8b465ee728b) (PreviewImporter) -> (artifact id: '2fb72db75cdd70a791ae7b398cb126cf') in 0.0004685 seconds
Number of updated asset objects reloaded before import = 0Number of asset objects unloaded after import = 0

========================================================================
Received Import Request.
  Time since last request: 0.198056 seconds.
  path: Assets/Textures/Android/mipmap-mdpi
  artifactKey: Guid(b72ac66356a253348b83b4ad7fbbe186) Importer(815301076,1909f56bfc062723c751e8b465ee728b)
Start importing Assets/Textures/Android/mipmap-mdpi using Guid(b72ac66356a253348b83b4ad7fbbe186) Importer(815301076,1909f56bfc062723c751e8b465ee728b) (PreviewImporter) -> (artifact id: 'e16b4be38e16c0aec5f9fc9a44067641') in 0.0004558 seconds
Number of updated asset objects reloaded before import = 0Number of asset objects unloaded after import = 0

========================================================================
Received Import Request.
  Time since last request: 1.199390 seconds.
  path: Assets/Textures/Android/mdpi
  artifactKey: Guid(b72ac66356a253348b83b4ad7fbbe186) Importer(815301076,1909f56bfc062723c751e8b465ee728b)
Start importing Assets/Textures/Android/mdpi using Guid(b72ac66356a253348b83b4ad7fbbe186) Importer(815301076,1909f56bfc062723c751e8b465ee728b) (PreviewImporter) -> (artifact id: '315ce6366b1bf190d0ad3c41cb8a2085') in 0.0005218 seconds
Number of updated asset objects reloaded before import = 0Number of asset objects unloaded after import = 0

========================================================================
Received Import Request.
  Time since last request: 0.177059 seconds.
  path: Assets/Textures/Android/mipmap-xhdpi
  artifactKey: Guid(b9774aa2052a5ad40902eec99ad97bc1) Importer(815301076,1909f56bfc062723c751e8b465ee728b)
Start importing Assets/Textures/Android/mipmap-xhdpi using Guid(b9774aa2052a5ad40902eec99ad97bc1) Importer(815301076,1909f56bfc062723c751e8b465ee728b) (PreviewImporter) -> (artifact id: '71f06f6d306a3c998a90fe55a2915de9') in 0.0004802 seconds
Number of updated asset objects reloaded before import = 0Number of asset objects unloaded after import = 0

========================================================================
Received Import Request.
  Time since last request: 1.329198 seconds.
  path: Assets/Textures/Android/xhdpi
  artifactKey: Guid(b9774aa2052a5ad40902eec99ad97bc1) Importer(815301076,1909f56bfc062723c751e8b465ee728b)
Start importing Assets/Textures/Android/xhdpi using Guid(b9774aa2052a5ad40902eec99ad97bc1) Importer(815301076,1909f56bfc062723c751e8b465ee728b) (PreviewImporter) -> (artifact id: 'c103e611ea4b69a70b91bfb6168deafa') in 0.0004845 seconds
Number of updated asset objects reloaded before import = 0Number of asset objects unloaded after import = 0

========================================================================
Received Import Request.
  Time since last request: 0.857882 seconds.
  path: Assets/Textures/Android/mipmap-xxxhdpi
  artifactKey: Guid(4694405a751e63649a1c774e4ccb80dd) Importer(815301076,1909f56bfc062723c751e8b465ee728b)
Start importing Assets/Textures/Android/mipmap-xxxhdpi using Guid(4694405a751e63649a1c774e4ccb80dd) Importer(815301076,1909f56bfc062723c751e8b465ee728b) (PreviewImporter) -> (artifact id: 'f02eb87ea3c23f6bde783405287cebb9') in 0.0005164 seconds
Number of updated asset objects reloaded before import = 0Number of asset objects unloaded after import = 0

========================================================================
Received Import Request.
  Time since last request: 0.094053 seconds.
  path: Assets/Textures/Android/mipmap-xxhdpi
  artifactKey: Guid(e0c736921b9a5944bb7d61840919cab8) Importer(815301076,1909f56bfc062723c751e8b465ee728b)
Start importing Assets/Textures/Android/mipmap-xxhdpi using Guid(e0c736921b9a5944bb7d61840919cab8) Importer(815301076,1909f56bfc062723c751e8b465ee728b) (PreviewImporter) -> (artifact id: '1414d38a6d064cd841549a5012cd0391') in 0.0004834 seconds
Number of updated asset objects reloaded before import = 0Number of asset objects unloaded after import = 0

========================================================================
Received Import Request.
  Time since last request: 1.337896 seconds.
  path: Assets/Textures/Android/xxhdpi
  artifactKey: Guid(e0c736921b9a5944bb7d61840919cab8) Importer(815301076,1909f56bfc062723c751e8b465ee728b)
Start importing Assets/Textures/Android/xxhdpi using Guid(e0c736921b9a5944bb7d61840919cab8) Importer(815301076,1909f56bfc062723c751e8b465ee728b) (PreviewImporter) -> (artifact id: '6af7646f0f417d20155bf9aaa79a1258') in 0.0004464 seconds
Number of updated asset objects reloaded before import = 0Number of asset objects unloaded after import = 0

========================================================================
Received Import Request.
  Time since last request: 1.834835 seconds.
  path: Assets/Textures/Android/xxxhdpi
  artifactKey: Guid(4694405a751e63649a1c774e4ccb80dd) Importer(815301076,1909f56bfc062723c751e8b465ee728b)
Start importing Assets/Textures/Android/xxxhdpi using Guid(4694405a751e63649a1c774e4ccb80dd) Importer(815301076,1909f56bfc062723c751e8b465ee728b) (PreviewImporter) -> (artifact id: 'a5bb6c4754b40bcf59909d2f902f53b8') in 0.000579 seconds
Number of updated asset objects reloaded before import = 0Number of asset objects unloaded after import = 0

========================================================================
Received Import Request.
  Time since last request: 1.051400 seconds.
  path: Assets/Textures/Android/hdpi/ic_launcher.png
  artifactKey: Guid(2bb600a502011644ca7dee6c5c087b2f) Importer(815301076,1909f56bfc062723c751e8b465ee728b)
Start importing Assets/Textures/Android/hdpi/ic_launcher.png using Guid(2bb600a502011644ca7dee6c5c087b2f) Importer(815301076,1909f56bfc062723c751e8b465ee728b) (PreviewImporter) -> (artifact id: '313ba1c5d1a43642115613a92b856460') in 0.0103075 seconds
Number of updated asset objects reloaded before import = 0Number of asset objects unloaded after import = 3

========================================================================
Received Import Request.
  Time since last request: 0.000014 seconds.
  path: Assets/Textures/Android/hdpi/ic_launcher_round.png
  artifactKey: Guid(f1bd50086b6d77e46ac2acf945c40e90) Importer(815301076,1909f56bfc062723c751e8b465ee728b)
Start importing Assets/Textures/Android/hdpi/ic_launcher_round.png using Guid(f1bd50086b6d77e46ac2acf945c40e90) Importer(815301076,1909f56bfc062723c751e8b465ee728b) (PreviewImporter) -> (artifact id: 'd01f5910d960358dc808d7a858fae391') in 0.0057144 seconds
Number of updated asset objects reloaded before import = 0Number of asset objects unloaded after import = 3

========================================================================
Received Import Request.
  Time since last request: 24.958247 seconds.
  path: Assets/Textures/Android/xxxhdpi/ic_launcher.png
  artifactKey: Guid(dc023941efe4e7d4c986760418186172) Importer(815301076,1909f56bfc062723c751e8b465ee728b)
Start importing Assets/Textures/Android/xxxhdpi/ic_launcher.png using Guid(dc023941efe4e7d4c986760418186172) Importer(815301076,1909f56bfc062723c751e8b465ee728b) (PreviewImporter) -> (artifact id: '024695c8dddd81a2c8837b8fa5b1f109') in 0.0138762 seconds
Number of updated asset objects reloaded before import = 0Number of asset objects unloaded after import = 3

========================================================================
Received Import Request.
  Time since last request: 4.932225 seconds.
  path: Assets/Textures/Android/xxhdpi/ic_launcher.png
  artifactKey: Guid(5d759c57f83348146934cee371765934) Importer(815301076,1909f56bfc062723c751e8b465ee728b)
Start importing Assets/Textures/Android/xxhdpi/ic_launcher.png using Guid(5d759c57f83348146934cee371765934) Importer(815301076,1909f56bfc062723c751e8b465ee728b) (PreviewImporter) -> (artifact id: '94eea16f885adaa03ef86e35564baa58') in 0.0089568 seconds
Number of updated asset objects reloaded before import = 0Number of asset objects unloaded after import = 3

========================================================================
Received Import Request.
  Time since last request: 0.000013 seconds.
  path: Assets/Textures/Android/xxhdpi/ic_launcher_round.png
  artifactKey: Guid(488833e4c784c6848a6acd948b502892) Importer(815301076,1909f56bfc062723c751e8b465ee728b)
Start importing Assets/Textures/Android/xxhdpi/ic_launcher_round.png using Guid(488833e4c784c6848a6acd948b502892) Importer(815301076,1909f56bfc062723c751e8b465ee728b) (PreviewImporter) -> (artifact id: '2bfcae794f68f73a8025f0aaa4970cf2') in 0.0105461 seconds
Number of updated asset objects reloaded before import = 0Number of asset objects unloaded after import = 3

========================================================================
Received Import Request.
  Time since last request: 5.311871 seconds.
  path: Assets/Textures/Android/xhdpi/ic_launcher.png
  artifactKey: Guid(1c8d84bc96e7f85428ba221785933e47) Importer(815301076,1909f56bfc062723c751e8b465ee728b)
Start importing Assets/Textures/Android/xhdpi/ic_launcher.png using Guid(1c8d84bc96e7f85428ba221785933e47) Importer(815301076,1909f56bfc062723c751e8b465ee728b) (PreviewImporter) -> (artifact id: '573bd5128ec8321439564e9349e5746e') in 0.0076367 seconds
Number of updated asset objects reloaded before import = 0Number of asset objects unloaded after import = 3

========================================================================
Received Import Request.
  Time since last request: 0.000015 seconds.
  path: Assets/Textures/Android/xhdpi/ic_launcher_round.png
  artifactKey: Guid(27e503fced0600d4da8dd626c21c9bfd) Importer(815301076,1909f56bfc062723c751e8b465ee728b)
Start importing Assets/Textures/Android/xhdpi/ic_launcher_round.png using Guid(27e503fced0600d4da8dd626c21c9bfd) Importer(815301076,1909f56bfc062723c751e8b465ee728b) (PreviewImporter) -> (artifact id: 'f1847df36b9f6b9672e8fd74d1bcbc8d') in 0.0080502 seconds
Number of updated asset objects reloaded before import = 0Number of asset objects unloaded after import = 3

========================================================================
Received Import Request.
  Time since last request: 2.652220 seconds.
  path: Assets/Textures/Android/mdpi/ic_launcher.png
  artifactKey: Guid(ca2c10187cd29c547a527d98050320c2) Importer(815301076,1909f56bfc062723c751e8b465ee728b)
Start importing Assets/Textures/Android/mdpi/ic_launcher.png using Guid(ca2c10187cd29c547a527d98050320c2) Importer(815301076,1909f56bfc062723c751e8b465ee728b) (PreviewImporter) -> (artifact id: 'c6be4d31057bd9b3fff27568cd726971') in 0.0094138 seconds
Number of updated asset objects reloaded before import = 0Number of asset objects unloaded after import = 3

========================================================================
Received Import Request.
  Time since last request: 0.000017 seconds.
  path: Assets/Textures/Android/mdpi/ic_launcher_round.png
  artifactKey: Guid(952e17b24917b2e45a8035ac22385b45) Importer(815301076,1909f56bfc062723c751e8b465ee728b)
Start importing Assets/Textures/Android/mdpi/ic_launcher_round.png using Guid(952e17b24917b2e45a8035ac22385b45) Importer(815301076,1909f56bfc062723c751e8b465ee728b) (PreviewImporter) -> (artifact id: '1a7df8f5c6cfcb02e5a3888e0937390f') in 0.006417 seconds
Number of updated asset objects reloaded before import = 0Number of asset objects unloaded after import = 3

========================================================================
Received Import Request.
  Time since last request: 12.027135 seconds.
  path: Assets/Textures/farm/textures/FARM_BOTTOM.png
  artifactKey: Guid(4e61b9de6fc95c241a5985fe94ec16cd) Importer(815301076,1909f56bfc062723c751e8b465ee728b)
Start importing Assets/Textures/farm/textures/FARM_BOTTOM.png using Guid(4e61b9de6fc95c241a5985fe94ec16cd) Importer(815301076,1909f56bfc062723c751e8b465ee728b) (PreviewImporter) -> (artifact id: 'ba14d54ee8f9eed18dd39f586c791e75') in 0.0141688 seconds
Number of updated asset objects reloaded before import = 0Number of asset objects unloaded after import = 30

========================================================================
Received Import Request.
  Time since last request: 0.000014 seconds.
  path: Assets/Textures/farm/textures/FARM_MIDDLE.png
  artifactKey: Guid(73cc9dcecaed9c641a808ed742c745dd) Importer(815301076,1909f56bfc062723c751e8b465ee728b)
Start importing Assets/Textures/farm/textures/FARM_MIDDLE.png using Guid(73cc9dcecaed9c641a808ed742c745dd) Importer(815301076,1909f56bfc062723c751e8b465ee728b) (PreviewImporter) -> (artifact id: 'bfaca6bbd05ce2aaa5dd94c98bb6ac0c') in 0.0125596 seconds
Number of updated asset objects reloaded before import = 0Number of asset objects unloaded after import = 30

