Using pre-set license
Built from '6000.1/staging' branch; Version is '6000.1.13f1 (418bd0acaa6b) revision 4295632'; Using compiler version '194234433'; Build Type 'Release'
OS: 'Windows 11  (10.0.26100) 64bit IoTEnterpriseS' Language: 'en' Physical Memory: 32711 MB
BatchMode: 1, IsHumanControllingUs: 0, StartBugReporterOnCrash: 0, Is64bit: 1, IsPro: 1
Date: 2025-08-10T01:36:25Z

COMMAND LINE ARGUMENTS:
C:\Program Files\Unity\Hub\Editor\6000.1.13f1\Editor\Unity.exe
-adb2
-batchMode
-noUpm
-name
AssetImportWorker1
-projectPath
C:/Users/Lemres/cookieclicker.mp4
-logFile
Logs/AssetImportWorker1.log
-srvPort
50542
-job-worker-count
5
-background-job-worker-count
8
-gc-helper-count
1
-name
AssetImport
Successfully changed project path to: C:/Users/Lemres/cookieclicker.mp4
C:/Users/Lemres/cookieclicker.mp4
[UnityMemory] Configuration Parameters - Can be set up in boot.config
    "memorysetup-allocator-temp-initial-block-size-main=262144"
    "memorysetup-allocator-temp-initial-block-size-worker=262144"
    "memorysetup-bucket-allocator-granularity=16"
    "memorysetup-bucket-allocator-bucket-count=8"
    "memorysetup-bucket-allocator-block-size=33554432"
    "memorysetup-bucket-allocator-block-count=8"
    "memorysetup-main-allocator-block-size=16777216"
    "memorysetup-thread-allocator-block-size=16777216"
    "memorysetup-gfx-main-allocator-block-size=16777216"
    "memorysetup-gfx-thread-allocator-block-size=16777216"
    "memorysetup-cache-allocator-block-size=4194304"
    "memorysetup-typetree-allocator-block-size=2097152"
    "memorysetup-profiler-bucket-allocator-granularity=16"
    "memorysetup-profiler-bucket-allocator-bucket-count=8"
    "memorysetup-profiler-bucket-allocator-block-size=33554432"
    "memorysetup-profiler-bucket-allocator-block-count=8"
    "memorysetup-profiler-allocator-block-size=16777216"
    "memorysetup-profiler-editor-allocator-block-size=1048576"
    "memorysetup-temp-allocator-size-main=16777216"
    "memorysetup-job-temp-allocator-block-size=2097152"
    "memorysetup-job-temp-allocator-block-size-background=1048576"
    "memorysetup-job-temp-allocator-reduction-small-platforms=262144"
    "memorysetup-temp-allocator-size-background-worker=32768"
    "memorysetup-temp-allocator-size-job-worker=262144"
    "memorysetup-temp-allocator-size-preload-manager=33554432"
    "memorysetup-temp-allocator-size-nav-mesh-worker=65536"
    "memorysetup-temp-allocator-size-audio-worker=65536"
    "memorysetup-temp-allocator-size-cloud-worker=32768"
    "memorysetup-temp-allocator-size-gi-baking-worker=262144"
    "memorysetup-temp-allocator-size-gi-baking-worker=262144"
    "memorysetup-temp-allocator-size-gi-baking-worker=262144"
    "memorysetup-temp-allocator-size-gi-baking-worker=262144"
    "memorysetup-temp-allocator-size-gi-baking-worker=262144"
    "memorysetup-temp-allocator-size-gfx=262144"
Player connection [1460]  Target information:

Player connection [1460]  * "[IP] 192.168.1.25 [Port] 0 [Flags] 2 [Guid] 2029229495 [EditorId] 2029229495 [Version] 1048832 [Id] WindowsEditor(7,DESKTOP-9P6HB14) [Debug] 1 [PackageName] WindowsEditor [ProjectName] Editor" 

Player connection [1460]  * "[IP] 192.168.31.1 [Port] 0 [Flags] 2 [Guid] 2029229495 [EditorId] 2029229495 [Version] 1048832 [Id] WindowsEditor(7,DESKTOP-9P6HB14) [Debug] 1 [PackageName] WindowsEditor [ProjectName] Editor" 

Player connection [1460]  * "[IP] 192.168.244.1 [Port] 0 [Flags] 2 [Guid] 2029229495 [EditorId] 2029229495 [Version] 1048832 [Id] WindowsEditor(7,DESKTOP-9P6HB14) [Debug] 1 [PackageName] WindowsEditor [ProjectName] Editor" 

Player connection [1460] Host joined multi-casting on [225.0.0.222:54997]...
Player connection [1460] Host joined alternative multi-casting on [225.0.0.222:34997]...
JobSystem: Creating JobQueue using job-worker-count value 5
Input System module state changed to: Initialized.
[Physics::Module] Initialized fallback backend.
[Physics::Module] Id: 0xdecafbad
Library Redirect Path: Library/
[Physics::Module] Selected backend.
[Physics::Module] Name: PhysX
[Physics::Module] Id: 0xf2b8ea05
[Physics::Module] SDK Version: 4.1.2
[Physics::Module] Integration Version: 1.0.0
[Physics::Module] Threading Mode: Multi-Threaded
Refreshing native plugins compatible for Editor in 0.22 ms, found 0 plugins.
Preloading 0 native plugins for Editor in 0.00 ms.
Initialize engine version: 6000.1.13f1 (418bd0acaa6b)
[Subsystems] Discovering subsystems at path C:/Program Files/Unity/Hub/Editor/6000.1.13f1/Editor/Data/Resources/UnitySubsystems
[Subsystems] Discovering subsystems at path C:/Users/Lemres/cookieclicker.mp4/Assets
GfxDevice: creating device client; kGfxThreadingModeNonThreaded
Direct3D:
    Version:  Direct3D 11.0 [level 11.1]
    Renderer: NVIDIA GeForce GTX 1070 Ti (ID=0x1b82)
    Vendor:   NVIDIA
    VRAM:     8060 MB
    Driver:   32.0.15.7283
Initialize mono
Mono path[0] = 'C:/Program Files/Unity/Hub/Editor/6000.1.13f1/Editor/Data/Managed'
Mono path[1] = 'C:/Program Files/Unity/Hub/Editor/6000.1.13f1/Editor/Data/MonoBleedingEdge/lib/mono/unityjit-win32'
Mono config path = 'C:/Program Files/Unity/Hub/Editor/6000.1.13f1/Editor/Data/MonoBleedingEdge/etc'
Using monoOptions --debugger-agent=transport=dt_socket,embedding=1,server=y,suspend=n,address=127.0.0.1:56780
Begin MonoManager ReloadAssembly
Registering precompiled unity dll's ...
Register platform support module: C:/Program Files/Unity/Hub/Editor/6000.1.13f1/Editor/Data/PlaybackEngines/WebGLSupport/UnityEditor.WebGL.Extensions.dll
Register platform support module: C:/Program Files/Unity/Hub/Editor/6000.1.13f1/Editor/Data/PlaybackEngines/MacStandaloneSupport/UnityEditor.OSXStandalone.Extensions.dll
Register platform support module: C:/Program Files/Unity/Hub/Editor/6000.1.13f1/Editor/Data/PlaybackEngines/WindowsStandaloneSupport/UnityEditor.WindowsStandalone.Extensions.dll
Register platform support module: C:/Program Files/Unity/Hub/Editor/6000.1.13f1/Editor/Data/PlaybackEngines/AndroidPlayer/UnityEditor.Android.Extensions.dll
Register platform support module: C:/Program Files/Unity/Hub/Editor/6000.1.13f1/Editor/Data/PlaybackEngines/LinuxStandaloneSupport/UnityEditor.LinuxStandalone.Extensions.dll
Registered in 0.003887 seconds.
- Loaded All Assemblies, in  0.416 seconds
Native extension for LinuxStandalone target not found
Native extension for Android target not found
Android Extension - Scanning For ADB Devices 151 ms
Native extension for WindowsStandalone target not found
Native extension for OSXStandalone target not found
Native extension for WebGL target not found
Mono: successfully reloaded assembly
- Finished resetting the current domain, in  0.558 seconds
Domain Reload Profiling: 971ms
	BeginReloadAssembly (124ms)
		ExecutionOrderSort (0ms)
		DisableScriptedObjects (0ms)
		BackupInstance (0ms)
		ReleaseScriptingObjects (0ms)
		CreateAndSetChildDomain (1ms)
	RebuildCommonClasses (39ms)
	RebuildNativeTypeToScriptingClass (15ms)
	initialDomainReloadingComplete (55ms)
	LoadAllAssembliesAndSetupDomain (179ms)
		LoadAssemblies (121ms)
		RebuildTransferFunctionScriptingTraits (0ms)
		AnalyzeDomain (175ms)
			TypeCache.Refresh (173ms)
				TypeCache.ScanAssembly (159ms)
			BuildScriptInfoCaches (0ms)
			ResolveRequiredComponents (0ms)
	FinalizeReload (559ms)
		ReleaseScriptCaches (0ms)
		RebuildScriptCaches (0ms)
		SetupLoadedEditorAssemblies (518ms)
			LogAssemblyErrors (0ms)
			InitializePlatformSupportModulesInManaged (274ms)
			SetLoadedEditorAssemblies (4ms)
			BeforeProcessingInitializeOnLoad (63ms)
			ProcessInitializeOnLoadAttributes (121ms)
			ProcessInitializeOnLoadMethodAttributes (57ms)
			AfterProcessingInitializeOnLoad (0ms)
			EditorAssembliesLoaded (0ms)
		ExecutionOrderSort2 (0ms)
		AwakeInstancesAfterBackupRestoration (0ms)
Assembly reference Packages/com.unity.collections/Unity.Collections.PerformanceTests.Internal/Unity.Collections.PerformanceTests.Internal.asmref has no target assembly definition
Script 'Packages/com.unity.collections/Unity.Collections.PerformanceTests.Internal/AssemblyInfo.cs' will not be compiled because it exists outside the Assets folder and does not to belong to any assembly definition file.
========================================================================
Worker process is ready to serve import requests
Import Worker Mode flag is 0x00
Assembly reference Packages/com.unity.collections/Unity.Collections.PerformanceTests.Internal/Unity.Collections.PerformanceTests.Internal.asmref has no target assembly definition
Script 'Packages/com.unity.collections/Unity.Collections.PerformanceTests.Internal/AssemblyInfo.cs' will not be compiled because it exists outside the Assets folder and does not to belong to any assembly definition file.
Assembly reference Packages/com.unity.collections/Unity.Collections.PerformanceTests.Internal/Unity.Collections.PerformanceTests.Internal.asmref has no target assembly definition
Script 'Packages/com.unity.collections/Unity.Collections.PerformanceTests.Internal/AssemblyInfo.cs' will not be compiled because it exists outside the Assets folder and does not to belong to any assembly definition file.
Begin MonoManager ReloadAssembly
- Loaded All Assemblies, in  0.608 seconds
Assembly reference Packages/com.unity.collections/Unity.Collections.PerformanceTests.Internal/Unity.Collections.PerformanceTests.Internal.asmref has no target assembly definition
Script 'Packages/com.unity.collections/Unity.Collections.PerformanceTests.Internal/AssemblyInfo.cs' will not be compiled because it exists outside the Assets folder and does not to belong to any assembly definition file.
Refreshing native plugins compatible for Editor in 0.14 ms, found 0 plugins.
Native extension for LinuxStandalone target not found
Native extension for Android target not found
Native extension for WindowsStandalone target not found
Native extension for OSXStandalone target not found
Native extension for WebGL target not found
Assembly reference Packages/com.unity.collections/Unity.Collections.PerformanceTests.Internal/Unity.Collections.PerformanceTests.Internal.asmref has no target assembly definition
Script 'Packages/com.unity.collections/Unity.Collections.PerformanceTests.Internal/AssemblyInfo.cs' will not be compiled because it exists outside the Assets folder and does not to belong to any assembly definition file.
Mono: successfully reloaded assembly
- Finished resetting the current domain, in  0.567 seconds
Domain Reload Profiling: 1170ms
	BeginReloadAssembly (174ms)
		ExecutionOrderSort (0ms)
		DisableScriptedObjects (6ms)
		BackupInstance (0ms)
		ReleaseScriptingObjects (0ms)
		CreateAndSetChildDomain (29ms)
	RebuildCommonClasses (38ms)
	RebuildNativeTypeToScriptingClass (13ms)
	initialDomainReloadingComplete (39ms)
	LoadAllAssembliesAndSetupDomain (339ms)
		LoadAssemblies (291ms)
		RebuildTransferFunctionScriptingTraits (0ms)
		AnalyzeDomain (144ms)
			TypeCache.Refresh (106ms)
				TypeCache.ScanAssembly (90ms)
			BuildScriptInfoCaches (26ms)
			ResolveRequiredComponents (9ms)
	FinalizeReload (568ms)
		ReleaseScriptCaches (0ms)
		RebuildScriptCaches (0ms)
		SetupLoadedEditorAssemblies (376ms)
			LogAssemblyErrors (0ms)
			InitializePlatformSupportModulesInManaged (13ms)
			SetLoadedEditorAssemblies (4ms)
			BeforeProcessingInitializeOnLoad (110ms)
			ProcessInitializeOnLoadAttributes (181ms)
			ProcessInitializeOnLoadMethodAttributes (60ms)
			AfterProcessingInitializeOnLoad (7ms)
			EditorAssembliesLoaded (0ms)
		ExecutionOrderSort2 (0ms)
		AwakeInstancesAfterBackupRestoration (7ms)
Launched and connected shader compiler UnityShaderCompiler.exe after 0.01 seconds
Refreshing native plugins compatible for Editor in 0.24 ms, found 0 plugins.
Preloading 0 native plugins for Editor in 0.00 ms.
Unloading 10 Unused Serialized files (Serialized files now loaded: 0)
Unloading 3109 unused Assets / (2.1 MB). Loaded Objects now: 3810.
Memory consumption went from 97.2 MB to 95.2 MB.
Total: 10.758700 ms (FindLiveObjects: 0.499900 ms CreateObjectMapping: 0.710700 ms MarkObjects: 7.829700 ms  DeleteObjects: 1.717100 ms)

========================================================================
Received Import Request.
  Time since last request: 10115.733427 seconds.
  path: Assets/Textures/Golden Cookie.png
  artifactKey: Guid(d6970623eba759a46909eeff51f74065) Importer(815301076,1909f56bfc062723c751e8b465ee728b)
Start importing Assets/Textures/Golden Cookie.png using Guid(d6970623eba759a46909eeff51f74065) Importer(815301076,1909f56bfc062723c751e8b465ee728b) (PreviewImporter) -> (artifact id: 'b7f43b96daf84043500afaea1fe57775') in 0.1664018 seconds
Number of updated asset objects reloaded before import = 0Number of asset objects unloaded after import = 3

========================================================================
Received Prepare
Refreshing native plugins compatible for Editor in 0.21 ms, found 0 plugins.
Preloading 0 native plugins for Editor in 0.00 ms.
Unloading 10 Unused Serialized files (Serialized files now loaded: 0)
Unloading 10 unused Assets / (0.6 MB). Loaded Objects now: 3819.
Memory consumption went from 99.1 MB to 98.5 MB.
Total: 10.514500 ms (FindLiveObjects: 0.286500 ms CreateObjectMapping: 0.559600 ms MarkObjects: 9.453000 ms  DeleteObjects: 0.214500 ms)

Prepare: number of updated asset objects reloaded= 0
========================================================================
Received Import Request.
  Time since last request: 317.093105 seconds.
  path: Assets/DefaultVolumeProfile.asset
  artifactKey: Guid(faec3e5628d0a404bb56434a9b1cf258) Importer(815301076,1909f56bfc062723c751e8b465ee728b)
Start importing Assets/DefaultVolumeProfile.asset using Guid(faec3e5628d0a404bb56434a9b1cf258) Importer(815301076,1909f56bfc062723c751e8b465ee728b) (PreviewImporter) -> (artifact id: 'e9d6d5c1c65604cad51f8ea8ce54aa20') in 0.0071377 seconds
Number of updated asset objects reloaded before import = 0Number of asset objects unloaded after import = 0

========================================================================
Received Import Request.
  Time since last request: 0.000019 seconds.
  path: Assets/TemplateScreenOLD.prefab
  artifactKey: Guid(3f3c84676370a92469db0f6c64a7128e) Importer(815301076,1909f56bfc062723c751e8b465ee728b)
Start importing Assets/TemplateScreenOLD.prefab using Guid(3f3c84676370a92469db0f6c64a7128e) Importer(815301076,1909f56bfc062723c751e8b465ee728b) (PreviewImporter) -> (artifact id: '544116add06e5e4a1553953e7a29c6fc') in 0.0230106 seconds
Number of updated asset objects reloaded before import = 0Number of asset objects unloaded after import = 34

========================================================================
Received Import Request.
  Time since last request: 1.192552 seconds.
  path: Assets/Textures/Cookie.png
  artifactKey: Guid(9a1bbdde7594cad4386acc3ef1615f7a) Importer(815301076,1909f56bfc062723c751e8b465ee728b)
Start importing Assets/Textures/Cookie.png using Guid(9a1bbdde7594cad4386acc3ef1615f7a) Importer(815301076,1909f56bfc062723c751e8b465ee728b) (PreviewImporter) -> (artifact id: '88e37cc4caa78fe9d0d607e9ff52c32e') in 0.0241982 seconds
Number of updated asset objects reloaded before import = 0Number of asset objects unloaded after import = 30

========================================================================
Received Import Request.
  Time since last request: 0.000016 seconds.
  path: Assets/Textures/MineMinigameSkyboxBaked.exr
  artifactKey: Guid(452aaecfa3eb8f14188352f7a573a377) Importer(815301076,1909f56bfc062723c751e8b465ee728b)
Start importing Assets/Textures/MineMinigameSkyboxBaked.exr using Guid(452aaecfa3eb8f14188352f7a573a377) Importer(815301076,1909f56bfc062723c751e8b465ee728b) (PreviewImporter)CommandBuffer: temporary render texture  not found while executing  (Copy source)
CommandBuffer: temporary render texture  not found while executing  (Copy destination)
 -> (artifact id: '2459d05c199075c5edbf780cb55fea97') in 0.2556316 seconds
Number of updated asset objects reloaded before import = 0Number of asset objects unloaded after import = 2

========================================================================
Received Import Request.
  Time since last request: 48.657359 seconds.
  path: Assets/Textures/Android/hdpi/ic_launcher_foreground.png
  artifactKey: Guid(8108976975cd75640affba6c52c35273) Importer(815301076,1909f56bfc062723c751e8b465ee728b)
Start importing Assets/Textures/Android/hdpi/ic_launcher_foreground.png using Guid(8108976975cd75640affba6c52c35273) Importer(815301076,1909f56bfc062723c751e8b465ee728b) (PreviewImporter) -> (artifact id: '494ae952d92b6662ba3539d5d9bf68c5') in 0.005277 seconds
Number of updated asset objects reloaded before import = 0Number of asset objects unloaded after import = 2

========================================================================
Received Import Request.
  Time since last request: 1.607135 seconds.
  path: Assets/Textures/Android/mdpi/ic_launcher_foreground.png
  artifactKey: Guid(176714be67f049442901a1dd73bde6b2) Importer(815301076,1909f56bfc062723c751e8b465ee728b)
Start importing Assets/Textures/Android/mdpi/ic_launcher_foreground.png using Guid(176714be67f049442901a1dd73bde6b2) Importer(815301076,1909f56bfc062723c751e8b465ee728b) (PreviewImporter) -> (artifact id: '380bedd8de2ff63b18c2a3a86a53ef0f') in 0.0067093 seconds
Number of updated asset objects reloaded before import = 0Number of asset objects unloaded after import = 2

========================================================================
Received Import Request.
  Time since last request: 0.711963 seconds.
  path: Assets/Textures/Android/xhdpi/ic_launcher_foreground.png
  artifactKey: Guid(0f2d66def5bce8241a35e6f0cf89d92f) Importer(815301076,1909f56bfc062723c751e8b465ee728b)
Start importing Assets/Textures/Android/xhdpi/ic_launcher_foreground.png using Guid(0f2d66def5bce8241a35e6f0cf89d92f) Importer(815301076,1909f56bfc062723c751e8b465ee728b) (PreviewImporter) -> (artifact id: 'c9c2b1765737872bae5f2f7fff53a916') in 0.0052925 seconds
Number of updated asset objects reloaded before import = 0Number of asset objects unloaded after import = 2

========================================================================
Received Import Request.
  Time since last request: 0.000024 seconds.
  path: Assets/Textures/Android/xhdpi/ic_launcher_round.png
  artifactKey: Guid(277d1e42bb2644946b89e40e86f33fb0) Importer(815301076,1909f56bfc062723c751e8b465ee728b)
Start importing Assets/Textures/Android/xhdpi/ic_launcher_round.png using Guid(277d1e42bb2644946b89e40e86f33fb0) Importer(815301076,1909f56bfc062723c751e8b465ee728b) (PreviewImporter) -> (artifact id: '0666fe867999736c212d490c5c249691') in 0.0055169 seconds
Number of updated asset objects reloaded before import = 0Number of asset objects unloaded after import = 2

========================================================================
Received Import Request.
  Time since last request: 1.459880 seconds.
  path: Assets/Textures/Android/xxhdpi/ic_launcher_foreground.png
  artifactKey: Guid(eed912d9e3a61444fb8d1f6754276485) Importer(815301076,1909f56bfc062723c751e8b465ee728b)
Start importing Assets/Textures/Android/xxhdpi/ic_launcher_foreground.png using Guid(eed912d9e3a61444fb8d1f6754276485) Importer(815301076,1909f56bfc062723c751e8b465ee728b) (PreviewImporter) -> (artifact id: 'e71e97939da5bafb8d08b9c27fd8bfd9') in 0.0055535 seconds
Number of updated asset objects reloaded before import = 0Number of asset objects unloaded after import = 2

========================================================================
Received Import Request.
  Time since last request: 0.000024 seconds.
  path: Assets/Textures/Android/xxhdpi/ic_launcher_round.png
  artifactKey: Guid(37e70281ad95c03428d7176bed808e47) Importer(815301076,1909f56bfc062723c751e8b465ee728b)
Start importing Assets/Textures/Android/xxhdpi/ic_launcher_round.png using Guid(37e70281ad95c03428d7176bed808e47) Importer(815301076,1909f56bfc062723c751e8b465ee728b) (PreviewImporter) -> (artifact id: '550550c5ea17abe9f9caf259b01c69be') in 0.0045389 seconds
Number of updated asset objects reloaded before import = 0Number of asset objects unloaded after import = 2

========================================================================
Received Import Request.
  Time since last request: 1.050322 seconds.
  path: Assets/Textures/Android/xxxhdpi/ic_launcher_foreground.png
  artifactKey: Guid(4df5744e5a7cfb7439a1024928f6b1fd) Importer(815301076,1909f56bfc062723c751e8b465ee728b)
Start importing Assets/Textures/Android/xxxhdpi/ic_launcher_foreground.png using Guid(4df5744e5a7cfb7439a1024928f6b1fd) Importer(815301076,1909f56bfc062723c751e8b465ee728b) (PreviewImporter) -> (artifact id: '14bfa70e5de40e722cef2c2704e6b70d') in 0.005054 seconds
Number of updated asset objects reloaded before import = 0Number of asset objects unloaded after import = 2

========================================================================
Received Import Request.
  Time since last request: 916.046352 seconds.
  path: Assets/Textures/Android/hdpi/ic_launcher_foreground.png
  artifactKey: Guid(813279929495f644dbb779045bf89a91) Importer(815301076,1909f56bfc062723c751e8b465ee728b)
Start importing Assets/Textures/Android/hdpi/ic_launcher_foreground.png using Guid(813279929495f644dbb779045bf89a91) Importer(815301076,1909f56bfc062723c751e8b465ee728b) (PreviewImporter) -> (artifact id: '7b4bb752a3c2c2986365eb247127c495') in 0.014094 seconds
Number of updated asset objects reloaded before import = 0Number of asset objects unloaded after import = 3

========================================================================
Received Import Request.
  Time since last request: 25.004418 seconds.
  path: Assets/Textures/Android/xxxhdpi/ic_launcher_foreground.png
  artifactKey: Guid(8cf424cd41885c5488240ff12b153eca) Importer(815301076,1909f56bfc062723c751e8b465ee728b)
Start importing Assets/Textures/Android/xxxhdpi/ic_launcher_foreground.png using Guid(8cf424cd41885c5488240ff12b153eca) Importer(815301076,1909f56bfc062723c751e8b465ee728b) (PreviewImporter) -> (artifact id: 'af0b9827c40957b9b7e6dffda9852881') in 0.0119162 seconds
Number of updated asset objects reloaded before import = 0Number of asset objects unloaded after import = 3

========================================================================
Received Import Request.
  Time since last request: 0.000020 seconds.
  path: Assets/Textures/Android/xxxhdpi/ic_launcher_round.png
  artifactKey: Guid(f535ebadbdb51c94c891a31135377200) Importer(815301076,1909f56bfc062723c751e8b465ee728b)
Start importing Assets/Textures/Android/xxxhdpi/ic_launcher_round.png using Guid(f535ebadbdb51c94c891a31135377200) Importer(815301076,1909f56bfc062723c751e8b465ee728b) (PreviewImporter) -> (artifact id: 'bfec16fdbb9620cbd4840b439bbb7c5b') in 0.0082042 seconds
Number of updated asset objects reloaded before import = 0Number of asset objects unloaded after import = 3

========================================================================
Received Import Request.
  Time since last request: 4.882268 seconds.
  path: Assets/Textures/Android/xxhdpi/ic_launcher_foreground.png
  artifactKey: Guid(9a8898a01b3665848bf3d182fd558be2) Importer(815301076,1909f56bfc062723c751e8b465ee728b)
Start importing Assets/Textures/Android/xxhdpi/ic_launcher_foreground.png using Guid(9a8898a01b3665848bf3d182fd558be2) Importer(815301076,1909f56bfc062723c751e8b465ee728b) (PreviewImporter) -> (artifact id: '474883da0b2f5cbcd2d39af82f7c0e42') in 0.0095115 seconds
Number of updated asset objects reloaded before import = 0Number of asset objects unloaded after import = 3

========================================================================
Received Import Request.
  Time since last request: 5.362084 seconds.
  path: Assets/Textures/Android/xhdpi/ic_launcher_foreground.png
  artifactKey: Guid(c234d2f651a86d94eaa962518f3558ec) Importer(815301076,1909f56bfc062723c751e8b465ee728b)
Start importing Assets/Textures/Android/xhdpi/ic_launcher_foreground.png using Guid(c234d2f651a86d94eaa962518f3558ec) Importer(815301076,1909f56bfc062723c751e8b465ee728b) (PreviewImporter) -> (artifact id: '8e122e3730a2c4d3cb195195511eca81') in 0.0113897 seconds
Number of updated asset objects reloaded before import = 0Number of asset objects unloaded after import = 3

========================================================================
Received Import Request.
  Time since last request: 2.696774 seconds.
  path: Assets/Textures/Android/mdpi/ic_launcher_foreground.png
  artifactKey: Guid(6e8baca88a6466b4a8e94bd014734025) Importer(815301076,1909f56bfc062723c751e8b465ee728b)
Start importing Assets/Textures/Android/mdpi/ic_launcher_foreground.png using Guid(6e8baca88a6466b4a8e94bd014734025) Importer(815301076,1909f56bfc062723c751e8b465ee728b) (PreviewImporter) -> (artifact id: 'cb9e8e9fdc7699ad16b7e8380e3829ff') in 0.0119486 seconds
Number of updated asset objects reloaded before import = 0Number of asset objects unloaded after import = 3

========================================================================
Received Import Request.
  Time since last request: 12.073529 seconds.
  path: Assets/Textures/farm/textures/FARM_LEFT.png
  artifactKey: Guid(f89f04e3fc1dd88478bc57b46ec14322) Importer(815301076,1909f56bfc062723c751e8b465ee728b)
Start importing Assets/Textures/farm/textures/FARM_LEFT.png using Guid(f89f04e3fc1dd88478bc57b46ec14322) Importer(815301076,1909f56bfc062723c751e8b465ee728b) (PreviewImporter) -> (artifact id: '8a6f066c179a1de82d8dbd013b361a03') in 0.0133463 seconds
Number of updated asset objects reloaded before import = 0Number of asset objects unloaded after import = 30

========================================================================
Received Import Request.
  Time since last request: 0.000021 seconds.
  path: Assets/Textures/farm/textures/FARM_LEFTTOP.png
  artifactKey: Guid(683a60d80c1bbbb48a9eb6a38883823a) Importer(815301076,1909f56bfc062723c751e8b465ee728b)
Start importing Assets/Textures/farm/textures/FARM_LEFTTOP.png using Guid(683a60d80c1bbbb48a9eb6a38883823a) Importer(815301076,1909f56bfc062723c751e8b465ee728b) (PreviewImporter) -> (artifact id: 'f7d2bf37e947bbcc5413dafd799d11e4') in 0.0127276 seconds
Number of updated asset objects reloaded before import = 0Number of asset objects unloaded after import = 30

========================================================================
Received Import Request.
  Time since last request: 0.000027 seconds.
  path: Assets/Textures/farm/textures/FARM_LEFTBOTTOM.png
  artifactKey: Guid(c2a776f463401944a8826a03edfbee83) Importer(815301076,1909f56bfc062723c751e8b465ee728b)
Start importing Assets/Textures/farm/textures/FARM_LEFTBOTTOM.png using Guid(c2a776f463401944a8826a03edfbee83) Importer(815301076,1909f56bfc062723c751e8b465ee728b) (PreviewImporter) -> (artifact id: '99a18f1bdad2655a628fcb67d5ba03b1') in 0.0117909 seconds
Number of updated asset objects reloaded before import = 0Number of asset objects unloaded after import = 30

