
=== Sun Jan  7 03:33:07 2024

Packages were changed.
Update Mode: updateDependencies

The following packages were updated:
  com.unity.burst from version 1.8.1 to 1.8.11
  com.unity.collab-proxy from version 2.0.4 to 2.2.0
  com.unity.feature.2d from version 1.0.0 to 2.0.0
  com.unity.ide.rider from version 3.0.21 to 3.0.26
  com.unity.ide.visualstudio from version 2.0.18 to 2.0.22
  com.unity.render-pipelines.universal from version 12.1.11 to 12.1.13
  com.unity.shadergraph from version 12.1.11 to 12.1.13
  com.unity.test-framework from version 1.1.31 to 1.1.33
  com.unity.visualscripting from version 1.8.0 to 1.9.1

=== Wed Jan 29 13:21:42 2025

Packages were changed.
Update Mode: updateDependencies

The following packages were added:
  com.unity.ai.navigation@1.1.5
The following packages were updated:
  com.unity.burst from version 1.8.11 to 1.8.18
  com.unity.collab-proxy from version 2.2.0 to 2.6.0
  com.unity.feature.2d from version 2.0.0 to 2.0.1
  com.unity.ide.rider from version 3.0.26 to 3.0.34
  com.unity.mobile.android-logcat from version 1.3.2 to 1.4.4
  com.unity.postprocessing from version 3.2.2 to 3.4.0
  com.unity.render-pipelines.universal from version 12.1.13 to 14.0.11
  com.unity.shadergraph from version 12.1.13 to 14.0.11
  com.unity.textmeshpro from version 3.0.6 to 3.0.7
  com.unity.timeline from version 1.6.5 to 1.7.6
  com.unity.visualscripting from version 1.9.1 to 1.9.4
